#! /c/Source/iverilog-install/bin/vvp
:ivl_version "12.0 (devel)" "(s20150603-1539-g2693dd32b)";
:ivl_delay_selection "TYPICAL";
:vpi_time_precision - 12;
:vpi_module "C:\iverilog\lib\ivl\system.vpi";
:vpi_module "C:\iverilog\lib\ivl\vhdl_sys.vpi";
:vpi_module "C:\iverilog\lib\ivl\vhdl_textio.vpi";
:vpi_module "C:\iverilog\lib\ivl\v2005_math.vpi";
:vpi_module "C:\iverilog\lib\ivl\va_math.vpi";
S_00000241a27e65f0 .scope module, "accumulator" "accumulator" 2 3;
 .timescale -9 -12;
    .port_info 0 /INPUT 1 "clk";
    .port_info 1 /INPUT 1 "rst_n";
    .port_info 2 /INPUT 2 "i_mul_loop";
    .port_info 3 /INPUT 80 "i_mul_result";
    .port_info 4 /OUTPUT 20 "o_acc_kernel";
P_00000241a27ebe00 .param/l "AK_BW" 0 2 6, +C4<00000000000000000000000000010100>;
P_00000241a27ebe38 .param/l "COLS" 0 2 4, +C4<00000000000000000000000000000101>;
P_00000241a27ebe70 .param/l "M_BW" 0 2 5, +C4<00000000000000000000000000010000>;
o00000241a2709fd8 .functor BUFZ 1, C4<z>; HiZ drive
v00000241a27e8380_0 .net "clk", 0 0, o00000241a2709fd8;  0 drivers
v00000241a27ebaa0_0 .var/i "i", 31 0;
o00000241a270a038 .functor BUFZ 2, C4<zz>; HiZ drive
v00000241a27e6d30_0 .net "i_mul_loop", 1 0, o00000241a270a038;  0 drivers
o00000241a270a068 .functor BUFZ 80, C4<zzzzzzzzzzzzzzzzzzzzzzzzzzzzzzzzzzzzzzzzzzzzzzzzzzzzzzzzzzzzzzzzzzzzzzzzzzzzzzzz>; HiZ drive
v00000241a27ebeb0_0 .net "i_mul_result", 79 0, o00000241a270a068;  0 drivers
v00000241a27e6780_0 .var "o_acc_kernel", 19 0;
v00000241a27e6820 .array "r_acc", 0 4, 15 0;
o00000241a270a0c8 .functor BUFZ 1, C4<z>; HiZ drive
v00000241a27e68c0_0 .net "rst_n", 0 0, o00000241a270a0c8;  0 drivers
E_00000241a27081a0/0 .event negedge, v00000241a27e68c0_0;
E_00000241a27081a0/1 .event posedge, v00000241a27e8380_0;
E_00000241a27081a0 .event/or E_00000241a27081a0/0, E_00000241a27081a0/1;
    .scope S_00000241a27e65f0;
T_0 ;
    %wait E_00000241a27081a0;
    %load/vec4 v00000241a27e68c0_0;
    %nor/r;
    %flag_set/vec4 8;
    %jmp/0xz  T_0.0, 8;
    %pushi/vec4 0, 0, 32;
    %store/vec4 v00000241a27ebaa0_0, 0, 32;
T_0.2 ;
    %load/vec4 v00000241a27ebaa0_0;
    %cmpi/s 5, 0, 32;
    %jmp/0xz T_0.3, 5;
    %pushi/vec4 0, 0, 16;
    %ix/getv/s 3, v00000241a27ebaa0_0;
    %ix/load 4, 0, 0; Constant delay
    %assign/vec4/a/d v00000241a27e6820, 0, 4;
    %load/vec4 v00000241a27ebaa0_0;
    %addi 1, 0, 32;
    %store/vec4 v00000241a27ebaa0_0, 0, 32;
    %jmp T_0.2;
T_0.3 ;
    %pushi/vec4 0, 0, 20;
    %assign/vec4 v00000241a27e6780_0, 0;
    %jmp T_0.1;
T_0.0 ;
    %pushi/vec4 0, 0, 32;
    %store/vec4 v00000241a27ebaa0_0, 0, 32;
T_0.4 ;
    %load/vec4 v00000241a27ebaa0_0;
    %cmpi/s 5, 0, 32;
    %jmp/0xz T_0.5, 5;
    %load/vec4 v00000241a27ebeb0_0;
    %load/vec4 v00000241a27ebaa0_0;
    %addi 1, 0, 32;
    %muli 16, 0, 32;
    %subi 1, 0, 32;
    %pad/s 34;
    %subi 15, 0, 34;
    %part/s 16;
    %ix/getv/s 4, v00000241a27ebaa0_0;
    %store/vec4a v00000241a27e6820, 4, 0;
    %load/vec4 v00000241a27ebaa0_0;
    %addi 1, 0, 32;
    %store/vec4 v00000241a27ebaa0_0, 0, 32;
    %jmp T_0.4;
T_0.5 ;
T_0.1 ;
    %jmp T_0;
    .thread T_0;
    .scope S_00000241a27e65f0;
T_1 ;
    %wait E_00000241a27081a0;
    %load/vec4 v00000241a27e68c0_0;
    %nor/r;
    %flag_set/vec4 8;
    %jmp/0xz  T_1.0, 8;
    %pushi/vec4 0, 0, 20;
    %assign/vec4 v00000241a27e6780_0, 0;
    %jmp T_1.1;
T_1.0 ;
    %ix/load 4, 0, 0;
    %flag_set/imm 4, 0;
    %load/vec4a v00000241a27e6820, 4;
    %pad/u 20;
    %ix/load 4, 1, 0;
    %flag_set/imm 4, 0;
    %load/vec4a v00000241a27e6820, 4;
    %pad/u 20;
    %add;
    %ix/load 4, 2, 0;
    %flag_set/imm 4, 0;
    %load/vec4a v00000241a27e6820, 4;
    %pad/u 20;
    %add;
    %ix/load 4, 3, 0;
    %flag_set/imm 4, 0;
    %load/vec4a v00000241a27e6820, 4;
    %pad/u 20;
    %add;
    %ix/load 4, 4, 0;
    %flag_set/imm 4, 0;
    %load/vec4a v00000241a27e6820, 4;
    %pad/u 20;
    %add;
    %assign/vec4 v00000241a27e6780_0, 0;
T_1.1 ;
    %jmp T_1;
    .thread T_1;
# The file index is used to find the file name in the following table.
:file_names 3;
    "N/A";
    "<interactive>";
    "accumulator.v";
